2023-08-06 01:30:21.583039 - Initialized conversion of CBT166
2023-08-06 01:30:22.337711 - Received CBT.V505.FILE166.PDS from FILE166.XMI 
2023-08-06 01:30:22.340153 - Found $$$$NOTE.txt (text/plain) in CBT.V505.FILE166.PDS, moved to PDS/$$$$NOTE
2023-08-06 01:30:22.341173 - Found $$$#DATE.txt (text/plain) in CBT.V505.FILE166.PDS, moved to PDS/$$$#DATE
2023-08-06 01:30:22.342072 - Found $$DOC.txt (text/plain) in CBT.V505.FILE166.PDS, moved to PDS/$$DOC
2023-08-06 01:30:22.342967 - Found $$LIST.txt (text/plain) in CBT.V505.FILE166.PDS, moved to PDS/$$LIST
2023-08-06 01:30:22.343987 - Found $ALIDEF.rexx (text/plain) in CBT.V505.FILE166.PDS, moved to PDS/$ALIDEF
2023-08-06 01:30:22.344882 - Found $BLDLIST.txt (text/plain) in CBT.V505.FILE166.PDS, moved to PDS/$BLDLIST
2023-08-06 01:30:22.345825 - Found $CAL.rexx (text/plain) in CBT.V505.FILE166.PDS, moved to PDS/$CAL
2023-08-06 01:30:22.346790 - Found $CALMON.txt (text/plain) in CBT.V505.FILE166.PDS, moved to PDS/$CALMON
2023-08-06 01:30:22.347626 - Found $CATDEF.rexx (text/plain) in CBT.V505.FILE166.PDS, moved to PDS/$CATDEF
2023-08-06 01:30:22.348416 - Found $CKOUT.rexx (text/plain) in CBT.V505.FILE166.PDS, moved to PDS/$CKOUT
2023-08-06 01:30:22.349219 - Found $CMDPFX.txt (text/plain) in CBT.V505.FILE166.PDS, moved to PDS/$CMDPFX
2023-08-06 01:30:22.350026 - Found $CMDPFX#.jcl (text/plain) in CBT.V505.FILE166.PDS, moved to PDS/$CMDPFX#
2023-08-06 01:30:22.350957 - Found $CMDPFX@.jcl (text/plain) in CBT.V505.FILE166.PDS, moved to PDS/$CMDPFX@
2023-08-06 01:30:22.350966 - Found $CPU.bin containing application/octet-stream, moved to PDS/$CPU
2023-08-06 01:30:22.352757 - Found $D.rexx (text/plain) in CBT.V505.FILE166.PDS, moved to PDS/$D
2023-08-06 01:30:22.353645 - Found $DATE.rexx (text/plain) in CBT.V505.FILE166.PDS, moved to PDS/$DATE
2023-08-06 01:30:22.354635 - Found $DISC.txt (text/plain) in CBT.V505.FILE166.PDS, moved to PDS/$DISC
2023-08-06 01:30:22.355561 - Found $DO.rexx (text/plain) in CBT.V505.FILE166.PDS, moved to PDS/$DO
2023-08-06 01:30:22.356417 - Found $HISTORY.txt (text/plain) in CBT.V505.FILE166.PDS, moved to PDS/$HISTORY
2023-08-06 01:30:22.357329 - Found $IEASYS.rexx (text/plain) in CBT.V505.FILE166.PDS, moved to PDS/$IEASYS
2023-08-06 01:30:22.358254 - Found $INDEX.txt (text/plain) in CBT.V505.FILE166.PDS, moved to PDS/$INDEX
2023-08-06 01:30:22.359220 - Found $INFO.rexx (text/plain) in CBT.V505.FILE166.PDS, moved to PDS/$INFO
2023-08-06 01:30:22.359228 - Found $INFOPNL.bin containing application/octet-stream, moved to PDS/$INFOPNL
2023-08-06 01:30:22.361168 - Found $JAD.rexx (text/plain) in CBT.V505.FILE166.PDS, moved to PDS/$JAD
2023-08-06 01:30:22.362092 - Found $JAD#.txt (text/plain) in CBT.V505.FILE166.PDS, moved to PDS/$JAD#
2023-08-06 01:30:22.362100 - Found $JADJOB.bin containing application/octet-stream, moved to PDS/$JADJOB
2023-08-06 01:30:22.363978 - Found $JADMSG.txt (text/plain) in CBT.V505.FILE166.PDS, moved to PDS/$JADMSG
2023-08-06 01:30:22.364881 - Found $JADPGM.txt (text/plain) in CBT.V505.FILE166.PDS, moved to PDS/$JADPGM
2023-08-06 01:30:22.365814 - Found $JADSORT.txt (text/plain) in CBT.V505.FILE166.PDS, moved to PDS/$JADSORT
2023-08-06 01:30:22.366711 - Found $JADTBL1.txt (text/plain) in CBT.V505.FILE166.PDS, moved to PDS/$JADTBL1
2023-08-06 01:30:22.367603 - Found $JADVIEW.txt (text/plain) in CBT.V505.FILE166.PDS, moved to PDS/$JADVIEW
2023-08-06 01:30:22.368567 - Found $LLACOPY.txt (text/plain) in CBT.V505.FILE166.PDS, moved to PDS/$LLACOPY
2023-08-06 01:30:22.369441 - Found $MCOPY.rexx (text/plain) in CBT.V505.FILE166.PDS, moved to PDS/$MCOPY
2023-08-06 01:30:22.370412 - Found $MDEL.rexx (text/plain) in CBT.V505.FILE166.PDS, moved to PDS/$MDEL
2023-08-06 01:30:22.370423 - Found $MEM.bin containing application/octet-stream, moved to PDS/$MEM
2023-08-06 01:30:22.372259 - Found $MPFREP#.jcl (text/plain) in CBT.V505.FILE166.PDS, moved to PDS/$MPFREP#
2023-08-06 01:30:22.373142 - Found $MPFREP@.txt (text/plain) in CBT.V505.FILE166.PDS, moved to PDS/$MPFREP@
2023-08-06 01:30:22.374147 - Found $MPFREPL.txt (text/plain) in CBT.V505.FILE166.PDS, moved to PDS/$MPFREPL
2023-08-06 01:30:22.375096 - Found $MREN.rexx (text/plain) in CBT.V505.FILE166.PDS, moved to PDS/$MREN
2023-08-06 01:30:22.375961 - Found $PARM.rexx (text/plain) in CBT.V505.FILE166.PDS, moved to PDS/$PARM
2023-08-06 01:30:22.376811 - Found $PARM#.jcl (text/plain) in CBT.V505.FILE166.PDS, moved to PDS/$PARM#
2023-08-06 01:30:22.377669 - Found $POINT.rexx (text/plain) in CBT.V505.FILE166.PDS, moved to PDS/$POINT
2023-08-06 01:30:22.378528 - Found $Q.rexx (text/plain) in CBT.V505.FILE166.PDS, moved to PDS/$Q
2023-08-06 01:30:22.379482 - Found $RXSYMBL.txt (text/plain) in CBT.V505.FILE166.PDS, moved to PDS/$RXSYMBL
2023-08-06 01:30:22.380404 - Found $SAVE.rexx (text/plain) in CBT.V505.FILE166.PDS, moved to PDS/$SAVE
2023-08-06 01:30:22.381293 - Found $SYMSUB.rexx (text/plain) in CBT.V505.FILE166.PDS, moved to PDS/$SYMSUB
2023-08-06 01:30:22.382301 - Found $SYSINFO.rexx (text/plain) in CBT.V505.FILE166.PDS, moved to PDS/$SYSINFO
2023-08-06 01:30:22.382310 - Found $SYSPRM.bin containing application/octet-stream, moved to PDS/$SYSPRM
2023-08-06 01:30:22.384316 - Found $VSAMIDX.rexx (text/plain) in CBT.V505.FILE166.PDS, moved to PDS/$VSAMIDX
2023-08-06 01:30:22.385226 - Found $VSAMIXA.rexx (text/plain) in CBT.V505.FILE166.PDS, moved to PDS/$VSAMIXA
2023-08-06 01:30:22.386141 - Found $VSDOC.txt (text/plain) in CBT.V505.FILE166.PDS, moved to PDS/$VSDOC
2023-08-06 01:30:22.387072 - Found $VSIDX01.txt (text/plain) in CBT.V505.FILE166.PDS, moved to PDS/$VSIDX01
2023-08-06 01:30:22.387903 - Found $WHOHAS.rexx (text/plain) in CBT.V505.FILE166.PDS, moved to PDS/$WHOHAS
2023-08-06 01:30:22.388693 - Found $X.rexx (text/plain) in CBT.V505.FILE166.PDS, moved to PDS/$X
2023-08-06 01:30:22.389534 - Found $6.rexx (text/plain) in CBT.V505.FILE166.PDS, moved to PDS/$6
2023-08-06 01:30:22.390448 - Found $6DOC.txt (text/plain) in CBT.V505.FILE166.PDS, moved to PDS/$6DOC
2023-08-06 01:30:22.391369 - Found #LLACOPY.jcl (text/plain) in CBT.V505.FILE166.PDS, moved to PDS/#LLACOPY
2023-08-06 01:30:22.392194 - Found @DYNA.txt (text/plain) in CBT.V505.FILE166.PDS, moved to PDS/@DYNA
2023-08-06 01:30:22.393129 - Found @FILE166.txt (text/plain) in CBT.V505.FILE166.PDS, moved to PDS/@FILE166
2023-08-06 01:30:22.394035 - Found @FIND.txt (text/plain) in CBT.V505.FILE166.PDS, moved to PDS/@FIND
2023-08-06 01:30:22.394920 - Found @JADPGM.jcl (text/plain) in CBT.V505.FILE166.PDS, moved to PDS/@JADPGM
2023-08-06 01:30:22.395812 - Found @TSOINIT.txt (text/plain) in CBT.V505.FILE166.PDS, moved to PDS/@TSOINIT
2023-08-06 01:30:22.396722 - Found ASSEM.jcl (text/plain) in CBT.V505.FILE166.PDS, moved to PDS/ASSEM
2023-08-06 01:30:22.397718 - Found COMMAND.txt (text/plain) in CBT.V505.FILE166.PDS, moved to PDS/COMMAND
2023-08-06 01:30:22.398662 - Found DALLOC.txt (text/plain) in CBT.V505.FILE166.PDS, moved to PDS/DALLOC
2023-08-06 01:30:22.399594 - Found DATE.jcl (text/plain) in CBT.V505.FILE166.PDS, moved to PDS/DATE
2023-08-06 01:30:22.400526 - Found DYNALIST.txt (text/plain) in CBT.V505.FILE166.PDS, moved to PDS/DYNALIST
2023-08-06 01:30:22.401398 - Found ENQMON.txt (text/plain) in CBT.V505.FILE166.PDS, moved to PDS/ENQMON
2023-08-06 01:30:22.402313 - Found ENQMON$.txt (text/plain) in CBT.V505.FILE166.PDS, moved to PDS/ENQMON$
2023-08-06 01:30:22.403221 - Found ENQMON#.jcl (text/plain) in CBT.V505.FILE166.PDS, moved to PDS/ENQMON#
2023-08-06 01:30:22.404040 - Found EXIT.txt (text/plain) in CBT.V505.FILE166.PDS, moved to PDS/EXIT
2023-08-06 01:30:22.404857 - Found FIND.txt (text/plain) in CBT.V505.FILE166.PDS, moved to PDS/FIND
2023-08-06 01:30:22.405740 - Found IEFUTL.txt (text/plain) in CBT.V505.FILE166.PDS, moved to PDS/IEFUTL
2023-08-06 01:30:22.406598 - Found IEFUTLTB.txt (text/plain) in CBT.V505.FILE166.PDS, moved to PDS/IEFUTLTB
2023-08-06 01:30:22.407550 - Found ISRTSOA.txt (text/plain) in CBT.V505.FILE166.PDS, moved to PDS/ISRTSOA
2023-08-06 01:30:22.408550 - Found JESXIT05.txt (text/plain) in CBT.V505.FILE166.PDS, moved to PDS/JESXIT05
2023-08-06 01:30:22.409613 - Found JESX006.txt (text/plain) in CBT.V505.FILE166.PDS, moved to PDS/JESX006
2023-08-06 01:30:22.410691 - Found JSTAT.txt (text/plain) in CBT.V505.FILE166.PDS, moved to PDS/JSTAT
2023-08-06 01:30:22.411527 - Found JSTAT$.jcl (text/plain) in CBT.V505.FILE166.PDS, moved to PDS/JSTAT$
2023-08-06 01:30:22.412341 - Found JSTAT#.jcl (text/plain) in CBT.V505.FILE166.PDS, moved to PDS/JSTAT#
2023-08-06 01:30:22.413183 - Found LOCKTERM.txt (text/plain) in CBT.V505.FILE166.PDS, moved to PDS/LOCKTERM
2023-08-06 01:30:22.414166 - Found MFORM.txt (text/plain) in CBT.V505.FILE166.PDS, moved to PDS/MFORM
2023-08-06 01:30:22.415107 - Found MSIXBIT.txt (text/plain) in CBT.V505.FILE166.PDS, moved to PDS/MSIXBIT
2023-08-06 01:30:22.416023 - Found M3270.txt (text/plain) in CBT.V505.FILE166.PDS, moved to PDS/M3270
2023-08-06 01:30:22.416975 - Found SEEK.txt (text/plain) in CBT.V505.FILE166.PDS, moved to PDS/SEEK
2023-08-06 01:30:22.417879 - Found SET.txt (text/plain) in CBT.V505.FILE166.PDS, moved to PDS/SET
2023-08-06 01:30:22.418741 - Found SETMODE.txt (text/plain) in CBT.V505.FILE166.PDS, moved to PDS/SETMODE
2023-08-06 01:30:22.419557 - Found TSOINIT.txt (text/plain) in CBT.V505.FILE166.PDS, moved to PDS/TSOINIT
